NACA4 - A PROGRAM TO COMPUTE NACA 4-DIGIT AND 4-DIGIT MODIFIED SECTIONS
   INCLUDES 5-DIGIT AND 16-SERIES AIRFOILS

SUMMARY OF INPUT DATA AND DEFAULTS

 &INPUT4 NAME=NACA 0012                                                   ,
 PROFILE=4-DIGIT   ,CAMBER=NONE      ,TOC=0.120000,RLE=0.200000E-01,
 DX=0.100000E-01,CHD=1.00000,XM=0.500000,D1=1.00000,CMB=0.000000,
 CM=0.500000,K2OK1=0.000000,CLI=0.000000,0.000000,0.000000,0.000000,
 0.000000,0.000000,0.000000,0.000000,0.000000,0.000000,A=1.00000,1.00000,
 1.00000,1.00000,1.00000,1.00000,1.00000,1.00000,1.00000,1.00000,
 CMBNMR=1.00000 &END
-----------------------------------------------------



THICKNESS PARAMETERS FOR 4-DIGIT AIRFOIL
   t/c =  0.120
-----------------------------------------------------



CAMBER DEFINITION
Uncambered airfoil
-----------------------------------------------------



 DIMENSIONS OF UNCAMBERED AIRFOIL, CHORD LENGTH=1


   X/C      Y/C     dY/dX        d2Y/dX2
 0.00000  0.00000  0.1000E+07   1.000E+06
 0.00025  0.00280   5.558      -1.127E+04
 0.00050  0.00395   3.908      -3.984E+03
 0.00075  0.00482   3.176      -2.169E+03
 0.00100  0.00556   2.741      -1.409E+03
 0.00125  0.00620   2.443      -1.008E+03
 0.00150  0.00679   2.224      -7.670E+02
 0.00175  0.00732   2.053      -6.088E+02
 0.00200  0.00781   1.915      -4.983E+02
 0.00225  0.00828   1.801      -4.177E+02
 0.00250  0.00872   1.705      -3.567E+02
 0.00275  0.00913   1.622      -3.092E+02
 0.00300  0.00953   1.549      -2.715E+02
 0.00325  0.00991   1.485      -2.408E+02
 0.00350  0.01027   1.428      -2.155E+02
 0.00375  0.01062   1.377      -1.944E+02
 0.00400  0.01096   1.331      -1.765E+02
 0.00425  0.01129   1.289      -1.612E+02
 0.00450  0.01161   1.250      -1.479E+02
 0.00475  0.01191   1.215      -1.365E+02
 0.00500  0.01221   1.182      -1.264E+02
 0.00525  0.01250   1.151      -1.175E+02
 0.00550  0.01279   1.123      -1.096E+02
 0.00575  0.01307   1.097      -1.026E+02
 0.00600  0.01334   1.072      -9.624E+01
 0.00625  0.01360   1.048      -9.055E+01
 0.00650  0.01386   1.026      -8.540E+01
 0.00675  0.01412   1.006      -8.072E+01
 0.00700  0.01436  0.9861      -7.646E+01
 0.00725  0.01461  0.9674      -7.256E+01
 0.00750  0.01485  0.9498      -6.898E+01
 0.00775  0.01508  0.9329      -6.569E+01
 0.00800  0.01532  0.9169      -6.265E+01
 0.00825  0.01554  0.9016      -5.985E+01
 0.00850  0.01577  0.8870      -5.724E+01
 0.00875  0.01599  0.8729      -5.482E+01
 0.00900  0.01620  0.8595      -5.257E+01
 0.00925  0.01642  0.8466      -5.047E+01
 0.00950  0.01663  0.8343      -4.851E+01
 0.00975  0.01683  0.8224      -4.667E+01
 0.01000  0.01704  0.8109      -4.495E+01
 0.01025  0.01724  0.7999      -4.333E+01
 0.01050  0.01744  0.7893      -4.180E+01
 0.01075  0.01763  0.7790      -4.037E+01
 0.01100  0.01783  0.7691      -3.901E+01
 0.01125  0.01802  0.7595      -3.773E+01
 0.01150  0.01821  0.7502      -3.652E+01
 0.01175  0.01839  0.7412      -3.538E+01
 0.01200  0.01858  0.7325      -3.429E+01
 0.01225  0.01876  0.7241      -3.326E+01
 0.01250  0.01894  0.7159      -3.228E+01
 0.01500  0.02064  0.6454      -2.465E+01
 0.01750  0.02218  0.5905      -1.964E+01
 0.02000  0.02360  0.5460      -1.615E+01
 0.02250  0.02492  0.5090      -1.359E+01
 0.02500  0.02615  0.4775      -1.166E+01
 0.02750  0.02731  0.4503      -1.016E+01
 0.03000  0.02840  0.4264      -8.963E+00
 0.03250  0.02944  0.4053      -7.991E+00
 0.03500  0.03043  0.3863      -7.188E+00
 0.03750  0.03137  0.3692      -6.517E+00
 0.04000  0.03228  0.3537      -5.949E+00
 0.04250  0.03314  0.3394      -5.463E+00
 0.04500  0.03398  0.3263      -5.043E+00
 0.04750  0.03478  0.3142      -4.677E+00
 0.05000  0.03555  0.3029      -4.356E+00
 0.05250  0.03629  0.2924      -4.072E+00
 0.05500  0.03701  0.2825      -3.821E+00
 0.05750  0.03770  0.2732      -3.595E+00
 0.06000  0.03838  0.2645      -3.393E+00
 0.06250  0.03903  0.2562      -3.211E+00
 0.06500  0.03966  0.2484      -3.046E+00
 0.06750  0.04027  0.2410      -2.896E+00
 0.07000  0.04086  0.2339      -2.759E+00
 0.07250  0.04144  0.2272      -2.633E+00
 0.07500  0.04200  0.2208      -2.518E+00
 0.07750  0.04254  0.2146      -2.411E+00
 0.08000  0.04307  0.2087      -2.313E+00
 0.08250  0.04359  0.2030      -2.222E+00
 0.08500  0.04409  0.1976      -2.137E+00
 0.08750  0.04458  0.1923      -2.059E+00
 0.09000  0.04505  0.1873      -1.985E+00
 0.09250  0.04551  0.1824      -1.917E+00
 0.09500  0.04596  0.1777      -1.852E+00
 0.09750  0.04640  0.1732      -1.792E+00
 0.10000  0.04683  0.1687      -1.735E+00
 0.11000  0.04843  0.1524      -1.539E+00
 0.12000  0.04988  0.1378      -1.381E+00
 0.13000  0.05119  0.1247      -1.251E+00
 0.14000  0.05238  0.1127      -1.143E+00
 0.15000  0.05345  0.1018      -1.051E+00
 0.16000  0.05442  0.9167E-01  -9.727E-01
 0.17000  0.05529  0.8229E-01  -9.044E-01
 0.18000  0.05607  0.7355E-01  -8.445E-01
 0.19000  0.05676  0.6538E-01  -7.916E-01
 0.20000  0.05738  0.5770E-01  -7.444E-01
 0.21000  0.05792  0.5048E-01  -7.020E-01
 0.22000  0.05839  0.4365E-01  -6.637E-01
 0.23000  0.05879  0.3719E-01  -6.289E-01
 0.24000  0.05913  0.3106E-01  -5.972E-01
 0.25000  0.05941  0.2524E-01  -5.680E-01
 0.26000  0.05964  0.1969E-01  -5.411E-01
 0.27000  0.05981  0.1441E-01  -5.163E-01
 0.28000  0.05993  0.9362E-02  -4.932E-01
 0.29000  0.06000  0.4538E-02  -4.717E-01
 0.30000  0.06002 -0.7776E-04  -4.517E-01
 0.31000  0.05999 -0.4500E-02  -4.329E-01
 0.32000  0.05993 -0.8739E-02  -4.153E-01
 0.33000  0.05982 -0.1281E-01  -3.987E-01
 0.34000  0.05967 -0.1672E-01  -3.831E-01
 0.35000  0.05949 -0.2047E-01  -3.683E-01
 0.36000  0.05926 -0.2409E-01  -3.544E-01
 0.37000  0.05900 -0.2756E-01  -3.412E-01
 0.38000  0.05871 -0.3091E-01  -3.286E-01
 0.39000  0.05839 -0.3414E-01  -3.168E-01
 0.40000  0.05803 -0.3725E-01  -3.055E-01
 0.41000  0.05764 -0.4025E-01  -2.948E-01
 0.42000  0.05723 -0.4315E-01  -2.846E-01
 0.43000  0.05678 -0.4594E-01  -2.749E-01
 0.44000  0.05631 -0.4864E-01  -2.657E-01
 0.45000  0.05581 -0.5126E-01  -2.569E-01
 0.46000  0.05528 -0.5378E-01  -2.485E-01
 0.47000  0.05473 -0.5623E-01  -2.405E-01
 0.48000  0.05416 -0.5860E-01  -2.329E-01
 0.49000  0.05356 -0.6089E-01  -2.257E-01
 0.50000  0.05294 -0.6311E-01  -2.188E-01
 0.51000  0.05230 -0.6527E-01  -2.123E-01
 0.52000  0.05164 -0.6736E-01  -2.061E-01
 0.53000  0.05095 -0.6939E-01  -2.002E-01
 0.54000  0.05025 -0.7136E-01  -1.946E-01
 0.55000  0.04952 -0.7328E-01  -1.893E-01
 0.56000  0.04878 -0.7515E-01  -1.842E-01
 0.57000  0.04802 -0.7697E-01  -1.795E-01
 0.58000  0.04724 -0.7874E-01  -1.750E-01
 0.59000  0.04645 -0.8047E-01  -1.707E-01
 0.60000  0.04563 -0.8215E-01  -1.667E-01
 0.61000  0.04480 -0.8380E-01  -1.630E-01
 0.62000  0.04396 -0.8542E-01  -1.595E-01
 0.63000  0.04310 -0.8699E-01  -1.562E-01
 0.64000  0.04222 -0.8854E-01  -1.532E-01
 0.65000  0.04132 -0.9006E-01  -1.504E-01
 0.66000  0.04042 -0.9155E-01  -1.478E-01
 0.67000  0.03949 -0.9302E-01  -1.455E-01
 0.68000  0.03856 -0.9446E-01  -1.433E-01
 0.69000  0.03760 -0.9588E-01  -1.414E-01
 0.70000  0.03664 -0.9729E-01  -1.396E-01
 0.71000  0.03566 -0.9868E-01  -1.381E-01
 0.72000  0.03467 -0.1000      -1.368E-01
 0.73000  0.03366 -0.1014      -1.356E-01
 0.74000  0.03264 -0.1028      -1.347E-01
 0.75000  0.03160 -0.1041      -1.340E-01
 0.76000  0.03056 -0.1054      -1.334E-01
 0.77000  0.02949 -0.1068      -1.330E-01
 0.78000  0.02842 -0.1081      -1.329E-01
 0.79000  0.02733 -0.1094      -1.329E-01
 0.80000  0.02623 -0.1108      -1.331E-01
 0.81000  0.02512 -0.1121      -1.335E-01
 0.82000  0.02399 -0.1134      -1.340E-01
 0.83000  0.02285 -0.1148      -1.348E-01
 0.84000  0.02169 -0.1161      -1.357E-01
 0.85000  0.02053 -0.1175      -1.368E-01
 0.86000  0.01934 -0.1189      -1.381E-01
 0.87000  0.01815 -0.1203      -1.395E-01
 0.88000  0.01694 -0.1217      -1.411E-01
 0.89000  0.01572 -0.1231      -1.429E-01
 0.90000  0.01448 -0.1245      -1.449E-01
 0.91000  0.01322 -0.1260      -1.470E-01
 0.92000  0.01196 -0.1275      -1.493E-01
 0.93000  0.01068 -0.1290      -1.518E-01
 0.94000  0.00938 -0.1305      -1.544E-01
 0.95000  0.00807 -0.1321      -1.573E-01
 0.96000  0.00674 -0.1336      -1.602E-01
 0.97000  0.00539 -0.1353      -1.634E-01
 0.98000  0.00403 -0.1369      -1.667E-01
 0.99000  0.00265 -0.1386      -1.701E-01
 1.00000  0.00126 -0.1403      -1.738E-01

          NACA 0012                                                   
-----------------------------------------------------



