NACA4 - A PROGRAM TO COMPUTE NACA 4-DIGIT AND 4-DIGIT MODIFIED SECTIONS
   INCLUDES 5-DIGIT AND 16-SERIES AIRFOILS

SUMMARY OF INPUT DATA AND DEFAULTS

 &INPUT4 NAME=NACA 0010-84 CLI=0.5 A=1.0  CLI=-0.4 A=0.6                  ,
 PROFILE=4-DIGITMOD,CAMBER=6-SERIES  ,TOC=0.100000,RLE=0.200000E-01,
 DX=0.100000E-01,CHD=1.00000,XM=0.400000,D1=0.315000,CMB=0.500000,
 CM=0.500000,K2OK1=0.000000,CLI=0.500000,-0.400000,0.000000,0.000000,
 0.000000,0.000000,0.000000,0.000000,0.000000,0.000000,A=1.00000,0.600000,
 1.00000,1.00000,1.00000,1.00000,1.00000,1.00000,1.00000,1.00000,
 CMBNMR=2.00000 &END
-----------------------------------------------------



THICKNESS PARAMETERS FOR 4-DIGIT MODIFIED AIRFOIL
   t/c         =  0.100000
   l.e. radius =  0.020000
   t.e. slope  =  0.315000
-----------------------------------------------------



CAMBER DEFINITION
6-SERIES CAMBER LINE PARAMETERS
  #    CLI    A
  1  0.50000  1.00000
  2 -0.40000  0.60000
-----------------------------------------------------



DERIVED COEFFICIENTS FOR THE AIRFOIL
        0           1          2          3
    a  0.400000 -0.552521  0.684757 -0.648984
    d  0.002000  0.315000 -0.233333 -0.032407
Leading Edge Radius of Curvature=    1.714
-----------------------------------------------------



 DIMENSIONS OF CAMBERED AIRFOIL, CHORD LENGTH=1
 UNCAMBERED ---- UPPER SURFACE VALUES ---    --- LOWER SURFACE VALUES ----
   X/C        XU/C       YU/C     dYU/dXU      XL/C       YL/C     dYL/dXL
 0.00000    0.00000    0.00000   115.1656    0.00000    0.00000   115.1656
 0.00025    0.00012    0.00311     8.1657    0.00038   -0.00307    -4.7825
 0.00050    0.00032    0.00436     5.1438    0.00068   -0.00430    -3.5269
 0.00075    0.00053    0.00531     3.9809    0.00097   -0.00522    -2.9160
 0.00100    0.00075    0.00611     3.3313    0.00125   -0.00598    -2.5339
 0.00125    0.00097    0.00680     2.9053    0.00153   -0.00664    -2.2651
 0.00150    0.00119    0.00742     2.5994    0.00181   -0.00724    -2.0622
 0.00175    0.00142    0.00798     2.3665    0.00208   -0.00777    -1.9019
 0.00200    0.00165    0.00850     2.1818    0.00235   -0.00827    -1.7710
 0.00225    0.00188    0.00899     2.0308    0.00262   -0.00873    -1.6614
 0.00250    0.00211    0.00944     1.9044    0.00289   -0.00916    -1.5679
 0.00275    0.00234    0.00987     1.7967    0.00316   -0.00957    -1.4868
 0.00300    0.00257    0.01028     1.7036    0.00343   -0.00996    -1.4155
 0.00325    0.00281    0.01067     1.6220    0.00369   -0.01032    -1.3524
 0.00350    0.00304    0.01105     1.5497    0.00396   -0.01067    -1.2958
 0.00375    0.00328    0.01140     1.4852    0.00422   -0.01101    -1.2447
 0.00400    0.00351    0.01175     1.4271    0.00449   -0.01133    -1.1984
 0.00425    0.00375    0.01208     1.3745    0.00475   -0.01164    -1.1560
 0.00450    0.00399    0.01240     1.3265    0.00501   -0.01194    -1.1171
 0.00475    0.00422    0.01271     1.2826    0.00528   -0.01223    -1.0812
 0.00500    0.00446    0.01301     1.2170    0.00554   -0.01251    -1.0695
 0.00525    0.00471    0.01330     1.1801    0.00579   -0.01278    -1.0382
 0.00550    0.00495    0.01358     1.1459    0.00605   -0.01304    -1.0090
 0.00575    0.00519    0.01386     1.1140    0.00631   -0.01330    -0.9817
 0.00600    0.00544    0.01413     1.0843    0.00656   -0.01354    -0.9561
 0.00625    0.00568    0.01439     1.0564    0.00682   -0.01378    -0.9320
 0.00650    0.00593    0.01464     1.0302    0.00707   -0.01402    -0.9092
 0.00675    0.00617    0.01489     1.0055    0.00733   -0.01425    -0.8877
 0.00700    0.00642    0.01514     0.9822    0.00758   -0.01447    -0.8673
 0.00725    0.00666    0.01537     0.9602    0.00784   -0.01469    -0.8480
 0.00750    0.00691    0.01561     0.9393    0.00809   -0.01490    -0.8296
 0.00775    0.00715    0.01584     0.9195    0.00835   -0.01511    -0.8122
 0.00800    0.00740    0.01606     0.9006    0.00860   -0.01532    -0.7955
 0.00825    0.00764    0.01628     0.8827    0.00886   -0.01552    -0.7795
 0.00850    0.00789    0.01649     0.8655    0.00911   -0.01571    -0.7643
 0.00875    0.00814    0.01670     0.8492    0.00936   -0.01591    -0.7497
 0.00900    0.00838    0.01691     0.8335    0.00962   -0.01609    -0.7358
 0.00925    0.00863    0.01712     0.8185    0.00987   -0.01628    -0.7223
 0.00950    0.00888    0.01732     0.8041    0.01012   -0.01646    -0.7095
 0.00975    0.00912    0.01751     0.7903    0.01038   -0.01664    -0.6971
 0.01000    0.00937    0.01771     0.7771    0.01063   -0.01681    -0.6851
 0.01025    0.00962    0.01790     0.7643    0.01088   -0.01699    -0.6737
 0.01050    0.00986    0.01808     0.7520    0.01114   -0.01716    -0.6626
 0.01075    0.01011    0.01827     0.7402    0.01139   -0.01732    -0.6519
 0.01100    0.01036    0.01845     0.7287    0.01164   -0.01748    -0.6416
 0.01125    0.01060    0.01863     0.7177    0.01190   -0.01765    -0.6316
 0.01150    0.01085    0.01880     0.7071    0.01215   -0.01780    -0.6219
 0.01175    0.01110    0.01898     0.6967    0.01240   -0.01796    -0.6126
 0.01200    0.01135    0.01915     0.6868    0.01265   -0.01811    -0.6035
 0.01225    0.01159    0.01932     0.6771    0.01291   -0.01827    -0.5947
 0.01250    0.01184    0.01948     0.6678    0.01316   -0.01841    -0.5862
 0.01500    0.01432    0.02104     0.5880    0.01568   -0.01980    -0.5133
 0.01750    0.01680    0.02242     0.5265    0.01820   -0.02101    -0.4568
 0.02000    0.01929    0.02366     0.4773    0.02071   -0.02210    -0.4114
 0.02250    0.02178    0.02480     0.4369    0.02322   -0.02309    -0.3741
 0.02500    0.02427    0.02584     0.4030    0.02573   -0.02398    -0.3427
 0.02750    0.02677    0.02681     0.3741    0.02823   -0.02481    -0.3159
 0.03000    0.02926    0.02771     0.3491    0.03074   -0.02557    -0.2927
 0.03250    0.03176    0.02856     0.3271    0.03324   -0.02628    -0.2724
 0.03500    0.03426    0.02935     0.3078    0.03574   -0.02694    -0.2545
 0.03750    0.03676    0.03010     0.2905    0.03824   -0.02755    -0.2386
 0.04000    0.03925    0.03080     0.2750    0.04075   -0.02813    -0.2243
 0.04250    0.04175    0.03147     0.2610    0.04325   -0.02868    -0.2114
 0.04500    0.04425    0.03211     0.2483    0.04575   -0.02919    -0.1998
 0.04750    0.04676    0.03272     0.2367    0.04824   -0.02967    -0.1892
 0.05000    0.04926    0.03329     0.2261    0.05074   -0.03014    -0.1795
 0.05250    0.05176    0.03385     0.2164    0.05324   -0.03057    -0.1706
 0.05500    0.05426    0.03438     0.2074    0.05574   -0.03099    -0.1624
 0.05750    0.05676    0.03489     0.1991    0.05824   -0.03138    -0.1549
 0.06000    0.05926    0.03537     0.1913    0.06074   -0.03176    -0.1479
 0.06250    0.06177    0.03584     0.1841    0.06323   -0.03212    -0.1414
 0.06500    0.06427    0.03630     0.1774    0.06573   -0.03247    -0.1354
 0.06750    0.06677    0.03673     0.1712    0.06823   -0.03280    -0.1298
 0.07000    0.06928    0.03715     0.1653    0.07072   -0.03312    -0.1245
 0.07250    0.07178    0.03756     0.1598    0.07322   -0.03342    -0.1196
 0.07500    0.07428    0.03795     0.1546    0.07572   -0.03371    -0.1150
 0.07750    0.07679    0.03834     0.1497    0.07821   -0.03400    -0.1107
 0.08000    0.07929    0.03870     0.1451    0.08071   -0.03427    -0.1066
 0.08250    0.08179    0.03906     0.1408    0.08321   -0.03453    -0.1028
 0.08500    0.08430    0.03941     0.1367    0.08570   -0.03478    -0.0992
 0.08750    0.08680    0.03975     0.1328    0.08820   -0.03502    -0.0958
 0.09000    0.08931    0.04007     0.1291    0.09069   -0.03526    -0.0926
 0.09250    0.09181    0.04039     0.1256    0.09319   -0.03549    -0.0896
 0.09500    0.09431    0.04070     0.1222    0.09569   -0.03571    -0.0867
 0.09750    0.09682    0.04101     0.1191    0.09818   -0.03592    -0.0840
 0.10000    0.09932    0.04130     0.1160    0.10068   -0.03613    -0.0814
 0.11000    0.10934    0.04241     0.1053    0.11066   -0.03689    -0.0723
 0.12000    0.11936    0.04342     0.0963    0.12064   -0.03758    -0.0649
 0.13000    0.12938    0.04434     0.0887    0.13062   -0.03819    -0.0587
 0.14000    0.13939    0.04520     0.0821    0.14061   -0.03875    -0.0535
 0.15000    0.14941    0.04599     0.0764    0.15059   -0.03926    -0.0491
 0.16000    0.15943    0.04673     0.0715    0.16057   -0.03973    -0.0453
 0.17000    0.16945    0.04742     0.0671    0.17055   -0.04017    -0.0420
 0.18000    0.17947    0.04807     0.0631    0.18053   -0.04057    -0.0392
 0.19000    0.18948    0.04869     0.0596    0.19052   -0.04095    -0.0367
 0.20000    0.19950    0.04927     0.0563    0.20050   -0.04131    -0.0344
 0.21000    0.20952    0.04982     0.0533    0.21048   -0.04164    -0.0324
 0.22000    0.21954    0.05034     0.0505    0.22046   -0.04195    -0.0305
 0.23000    0.22955    0.05083     0.0478    0.23045   -0.04225    -0.0287
 0.24000    0.23957    0.05130     0.0452    0.24043   -0.04252    -0.0270
 0.25000    0.24959    0.05174     0.0428    0.25041   -0.04279    -0.0254
 0.26000    0.25960    0.05215     0.0404    0.26040   -0.04303    -0.0238
 0.27000    0.26962    0.05255     0.0380    0.27038   -0.04326    -0.0222
 0.28000    0.27964    0.05291     0.0356    0.28036   -0.04348    -0.0207
 0.29000    0.28965    0.05326     0.0332    0.29035   -0.04367    -0.0191
 0.30000    0.29967    0.05358     0.0308    0.30033   -0.04386    -0.0174
 0.31000    0.30969    0.05388     0.0284    0.31031   -0.04402    -0.0157
 0.32000    0.31971    0.05415     0.0259    0.32029   -0.04417    -0.0140
 0.33000    0.32972    0.05439     0.0234    0.33028   -0.04430    -0.0122
 0.34000    0.33974    0.05462     0.0208    0.34026   -0.04441    -0.0103
 0.35000    0.34976    0.05481     0.0181    0.35024   -0.04451    -0.0083
 0.36000    0.35977    0.05498     0.0153    0.36023   -0.04458    -0.0062
 0.37000    0.36979    0.05512     0.0125    0.37021   -0.04463    -0.0040
 0.38000    0.37981    0.05523     0.0095    0.38019   -0.04466    -0.0017
 0.39000    0.38982    0.05531     0.0064    0.39018   -0.04466     0.0007
 0.40000    0.39984    0.05536     0.0032    0.40016   -0.04464     0.0032
 0.41000    0.40986    0.05537     0.0000    0.41014   -0.04460     0.0058
 0.42000    0.41987    0.05536    -0.0032    0.42013   -0.04453     0.0084
 0.43000    0.42989    0.05531    -0.0064    0.43011   -0.04443     0.0110
 0.44000    0.43990    0.05523    -0.0097    0.44010   -0.04431     0.0135
 0.45000    0.44992    0.05511    -0.0128    0.45008   -0.04416     0.0161
 0.46000    0.45994    0.05497    -0.0160    0.46006   -0.04399     0.0186
 0.47000    0.46995    0.05479    -0.0192    0.47005   -0.04379     0.0212
 0.48000    0.47997    0.05458    -0.0223    0.48003   -0.04357     0.0237
 0.49000    0.48998    0.05434    -0.0255    0.49002   -0.04332     0.0262
 0.50000    0.50000    0.05407    -0.0286    0.50000   -0.04304     0.0287
 0.51000    0.51002    0.05377    -0.0318    0.50998   -0.04274     0.0312
 0.52000    0.52003    0.05344    -0.0349    0.51997   -0.04242     0.0337
 0.53000    0.53005    0.05307    -0.0380    0.52995   -0.04207     0.0362
 0.54000    0.54006    0.05268    -0.0411    0.53994   -0.04170     0.0387
 0.55000    0.55007    0.05225    -0.0442    0.54993   -0.04130     0.0411
 0.56000    0.56009    0.05179    -0.0473    0.55991   -0.04087     0.0436
 0.57000    0.57010    0.05130    -0.0504    0.56990   -0.04043     0.0460
 0.58000    0.58012    0.05078    -0.0534    0.57988   -0.03996     0.0484
 0.59000    0.59013    0.05023    -0.0565    0.58987   -0.03946     0.0508
 0.60000    0.60014    0.04965    -0.0595    0.59986   -0.03894     0.0532
 0.61000    0.61016    0.04904    -0.0626    0.60984   -0.03840     0.0556
 0.62000    0.62017    0.04840    -0.0656    0.61983   -0.03783     0.0580
 0.63000    0.63018    0.04773    -0.0687    0.62982   -0.03724     0.0604
 0.64000    0.64019    0.04702    -0.0717    0.63981   -0.03662     0.0627
 0.65000    0.65020    0.04629    -0.0747    0.64980   -0.03599     0.0650
 0.66000    0.66021    0.04553    -0.0778    0.65979   -0.03532     0.0673
 0.67000    0.67022    0.04473    -0.0808    0.66978   -0.03464     0.0696
 0.68000    0.68023    0.04391    -0.0838    0.67977   -0.03393     0.0719
 0.69000    0.69024    0.04306    -0.0868    0.68976   -0.03320     0.0742
 0.70000    0.70025    0.04217    -0.0898    0.69975   -0.03245     0.0765
 0.71000    0.71026    0.04126    -0.0928    0.70974   -0.03168     0.0787
 0.72000    0.72027    0.04032    -0.0958    0.71973   -0.03088     0.0809
 0.73000    0.73027    0.03934    -0.0988    0.72972   -0.03006     0.0831
 0.74000    0.74028    0.03834    -0.1018    0.73972   -0.02922     0.0853
 0.75000    0.75029    0.03730    -0.1048    0.74971   -0.02835     0.0874
 0.76000    0.76029    0.03624    -0.1078    0.75971   -0.02747     0.0896
 0.77000    0.77030    0.03515    -0.1108    0.76970   -0.02656     0.0917
 0.78000    0.78030    0.03402    -0.1139    0.77970   -0.02564     0.0938
 0.79000    0.79030    0.03287    -0.1169    0.78970   -0.02469     0.0958
 0.80000    0.80031    0.03168    -0.1199    0.79969   -0.02372     0.0979
 0.81000    0.81031    0.03047    -0.1229    0.80969   -0.02273     0.0999
 0.82000    0.82031    0.02922    -0.1260    0.81969   -0.02172     0.1019
 0.83000    0.83031    0.02795    -0.1291    0.82969   -0.02069     0.1038
 0.84000    0.84030    0.02664    -0.1322    0.83969   -0.01965     0.1057
 0.85000    0.85030    0.02531    -0.1353    0.84970   -0.01858     0.1076
 0.86000    0.86030    0.02394    -0.1384    0.85970   -0.01749     0.1094
 0.87000    0.87029    0.02254    -0.1416    0.86971   -0.01639     0.1112
 0.88000    0.88029    0.02111    -0.1448    0.87971   -0.01527     0.1129
 0.89000    0.89028    0.01965    -0.1480    0.88972   -0.01413     0.1145
 0.90000    0.90027    0.01815    -0.1513    0.89973   -0.01298     0.1161
 0.91000    0.91026    0.01662    -0.1547    0.90974   -0.01181     0.1176
 0.92000    0.92025    0.01506    -0.1582    0.91975   -0.01062     0.1189
 0.93000    0.93024    0.01346    -0.1618    0.92976   -0.00943     0.1202
 0.94000    0.94022    0.01183    -0.1655    0.93978   -0.00822     0.1212
 0.95000    0.95020    0.01016    -0.1695    0.94980   -0.00700     0.1220
 0.96000    0.96018    0.00845    -0.1738    0.95982   -0.00577     0.1225
 0.97000    0.97015    0.00669    -0.1786    0.96984   -0.00455     0.1225
 0.98000    0.98013    0.00488    -0.1843    0.97987   -0.00332     0.1214
 0.99000    0.99009    0.00301    -0.1924    0.98991   -0.00212     0.1181
 1.00000    1.00100    0.00000***********    0.99900    0.00000***********

          NACA 0010-84 CLI=0.5 A=1.0  CLI=-0.4 A=0.6                  
-----------------------------------------------------



